<?xml version="1.0" encoding="UTF-8"?>
<!-- Generated by org.testng.reporters.JUnitXMLReporter -->
<testsuite hostname="3c22fb133ad4.ant.amazon.com" ignored="0" name="Default test" tests="1" failures="0" timestamp="2020-12-20T15:25:22 PST" time="0.041" errors="0">
  <testcase name="@BeforeTest beforeTest" time="-1.608506722138E9" classname="Test.shoppingAutomationTests">
    <failure type="org.testng.TestNGException" message="
Parameter &amp;apos;Browser&amp;apos; is required by BeforeTest on method beforeTest but has not been marked @Optional or defined
in /private/var/folders/ky/dhgxh2ls7pb_kwkcyvmflx0m0000gr/T/testng-eclipse--955329410/testng-customsuite.xml">
      <![CDATA[org.testng.TestNGException: 
Parameter 'Browser' is required by BeforeTest on method beforeTest but has not been marked @Optional or defined
in /private/var/folders/ky/dhgxh2ls7pb_kwkcyvmflx0m0000gr/T/testng-eclipse--955329410/testng-customsuite.xml
at org.testng.internal.Parameters.createParams(Parameters.java:268)
at org.testng.internal.Parameters.createParametersForMethod(Parameters.java:356)
at org.testng.internal.Parameters.createParameters(Parameters.java:700)
at org.testng.internal.Parameters.createConfigurationParameters(Parameters.java:166)
at org.testng.internal.ConfigInvoker.invokeConfigurations(ConfigInvoker.java:301)
at org.testng.TestRunner.invokeTestConfigurations(TestRunner.java:617)
at org.testng.TestRunner.beforeRun(TestRunner.java:607)
at org.testng.TestRunner.run(TestRunner.java:578)
at org.testng.SuiteRunner.runTest(SuiteRunner.java:384)
at org.testng.SuiteRunner.runSequentially(SuiteRunner.java:378)
at org.testng.SuiteRunner.privateRun(SuiteRunner.java:337)
at org.testng.SuiteRunner.run(SuiteRunner.java:286)
at org.testng.SuiteRunnerWorker.runSuite(SuiteRunnerWorker.java:53)
at org.testng.SuiteRunnerWorker.run(SuiteRunnerWorker.java:96)
at org.testng.TestNG.runSuitesSequentially(TestNG.java:1218)
at org.testng.TestNG.runSuitesLocally(TestNG.java:1140)
at org.testng.TestNG.runSuites(TestNG.java:1069)
at org.testng.TestNG.run(TestNG.java:1037)
at org.testng.remote.AbstractRemoteTestNG.run(AbstractRemoteTestNG.java:115)
at org.testng.remote.RemoteTestNG.initAndRun(RemoteTestNG.java:251)
at org.testng.remote.RemoteTestNG.main(RemoteTestNG.java:77)
]]>
    </failure>
  </testcase> <!-- @BeforeTest beforeTest -->
  <testcase name="@BeforeMethod beforeMethod" time="-1.608506722168E9" classname="Test.shoppingAutomationTests">
    <skipped/>
  </testcase> <!-- @BeforeMethod beforeMethod -->
  <testcase name="@AfterMethod afterTestMethod" time="-1.608506722174E9" classname="Test.shoppingAutomationTests">
    <skipped/>
  </testcase> <!-- @AfterMethod afterTestMethod -->
  <testcase name="automate" time="0.0" classname="Test.shoppingAutomationTests">
    <skipped/>
  </testcase> <!-- automate -->
</testsuite> <!-- Default test -->
